Performing C SOURCE FILE Test CMAKE_HAVE_LIBC_PTHREAD failed with the following output:
Change Dir: /home/yunsuk-jeung/workspace/line_plane/src/extract/cmake-build-debug/CMakeFiles/CMakeTmp

Run Build Command(s):/usr/bin/make cmTC_d3e28/fast && /usr/bin/make  -f CMakeFiles/cmTC_d3e28.dir/build.make CMakeFiles/cmTC_d3e28.dir/build
make[1]: Entering directory '/home/yunsuk-jeung/workspace/line_plane/src/extract/cmake-build-debug/CMakeFiles/CMakeTmp'
Building C object CMakeFiles/cmTC_d3e28.dir/src.c.o
/usr/bin/gcc   -DCMAKE_HAVE_LIBC_PTHREAD   -o CMakeFiles/cmTC_d3e28.dir/src.c.o   -c /home/yunsuk-jeung/workspace/line_plane/src/extract/cmake-build-debug/CMakeFiles/CMakeTmp/src.c
Linking C executable cmTC_d3e28
/opt/clion-2020.2.4/bin/cmake/linux/bin/cmake -E cmake_link_script CMakeFiles/cmTC_d3e28.dir/link.txt --verbose=1
/usr/bin/gcc  -DCMAKE_HAVE_LIBC_PTHREAD    -rdynamic CMakeFiles/cmTC_d3e28.dir/src.c.o  -o cmTC_d3e28 
CMakeFiles/cmTC_d3e28.dir/src.c.o: In function `main':
src.c:(.text+0x3c): undefined reference to `pthread_create'
src.c:(.text+0x48): undefined reference to `pthread_detach'
src.c:(.text+0x54): undefined reference to `pthread_cancel'
src.c:(.text+0x65): undefined reference to `pthread_join'
src.c:(.text+0x79): undefined reference to `pthread_atfork'
collect2: error: ld returned 1 exit status
CMakeFiles/cmTC_d3e28.dir/build.make:106: recipe for target 'cmTC_d3e28' failed
make[1]: *** [cmTC_d3e28] Error 1
make[1]: Leaving directory '/home/yunsuk-jeung/workspace/line_plane/src/extract/cmake-build-debug/CMakeFiles/CMakeTmp'
Makefile:141: recipe for target 'cmTC_d3e28/fast' failed
make: *** [cmTC_d3e28/fast] Error 2


Source file was:
#include <pthread.h>

void* test_func(void* data)
{
  return data;
}

int main(void)
{
  pthread_t thread;
  pthread_create(&thread, NULL, test_func, NULL);
  pthread_detach(thread);
  pthread_cancel(thread);
  pthread_join(thread, NULL);
  pthread_atfork(NULL, NULL, NULL);
  pthread_exit(NULL);

  return 0;
}

Determining if the function pthread_create exists in the pthreads failed with the following output:
Change Dir: /home/yunsuk-jeung/workspace/line_plane/src/extract/cmake-build-debug/CMakeFiles/CMakeTmp

Run Build Command(s):/usr/bin/make cmTC_0ffe5/fast && /usr/bin/make  -f CMakeFiles/cmTC_0ffe5.dir/build.make CMakeFiles/cmTC_0ffe5.dir/build
make[1]: Entering directory '/home/yunsuk-jeung/workspace/line_plane/src/extract/cmake-build-debug/CMakeFiles/CMakeTmp'
Building C object CMakeFiles/cmTC_0ffe5.dir/CheckFunctionExists.c.o
/usr/bin/gcc   -DCHECK_FUNCTION_EXISTS=pthread_create   -o CMakeFiles/cmTC_0ffe5.dir/CheckFunctionExists.c.o   -c /opt/clion-2020.2.4/bin/cmake/linux/share/cmake-3.17/Modules/CheckFunctionExists.c
Linking C executable cmTC_0ffe5
/opt/clion-2020.2.4/bin/cmake/linux/bin/cmake -E cmake_link_script CMakeFiles/cmTC_0ffe5.dir/link.txt --verbose=1
/usr/bin/gcc  -DCHECK_FUNCTION_EXISTS=pthread_create    -rdynamic CMakeFiles/cmTC_0ffe5.dir/CheckFunctionExists.c.o  -o cmTC_0ffe5  -lpthreads 
/usr/bin/ld: cannot find -lpthreads
collect2: error: ld returned 1 exit status
CMakeFiles/cmTC_0ffe5.dir/build.make:106: recipe for target 'cmTC_0ffe5' failed
make[1]: *** [cmTC_0ffe5] Error 1
make[1]: Leaving directory '/home/yunsuk-jeung/workspace/line_plane/src/extract/cmake-build-debug/CMakeFiles/CMakeTmp'
Makefile:141: recipe for target 'cmTC_0ffe5/fast' failed
make: *** [cmTC_0ffe5/fast] Error 2



